<?xml version="1.0" encoding="UTF-8"?>
<!-- Generated by org.testng.reporters.JUnitReportReporter -->
<testsuite hostname="Equipo-PC" name="ejemploSonar.StudyGroupTest" tests="1" failures="0" timestamp="22 Apr 2017 17:11:39 GMT" time="0.012" errors="0">
  <testcase name="testStudyGroupClass" time="0.012" classname="ejemploSonar.StudyGroupTest"/>
</testsuite> <!-- ejemploSonar.StudyGroupTest -->
