<?xml version="1.0" encoding="UTF-8"?>
<!-- Generated by org.testng.reporters.JUnitReportReporter -->
<testsuite hostname="Equipo-PC" name="ejemploSonar.ejemploSonarTest" tests="1" failures="0" timestamp="22 Apr 2017 18:55:43 GMT" time="0.011" errors="0">
  <testcase name="testStudyGroupClass" time="0.011" classname="ejemploSonar.ejemploSonarTest"/>
</testsuite> <!-- ejemploSonar.ejemploSonarTest -->
