<?xml version="1.0" encoding="UTF-8"?>
<!-- Generated by org.testng.reporters.JUnitReportReporter -->
<testsuite hostname="Equipo-PC" name="org.song.example.StudyGroupTest" tests="1" failures="0" timestamp="22 Apr 2017 17:04:59 GMT" time="0.012" errors="0">
  <testcase name="testStudyGroupClass" time="0.012" classname="org.song.example.StudyGroupTest"/>
</testsuite> <!-- org.song.example.StudyGroupTest -->
